c:\users\riccardo\politecnico\magistrale\poli 15-16\programmazione di sistema\malnati\serverprogetto\serverprogetto\debug\serverprogetto.pch
c:\users\riccardo\politecnico\magistrale\poli 15-16\programmazione di sistema\malnati\serverprogetto\serverprogetto\debug\vc140.pdb
c:\users\riccardo\politecnico\magistrale\poli 15-16\programmazione di sistema\malnati\serverprogetto\serverprogetto\debug\vc140.idb
c:\users\riccardo\politecnico\magistrale\poli 15-16\programmazione di sistema\malnati\serverprogetto\serverprogetto\debug\stdafx.obj
c:\users\riccardo\politecnico\magistrale\poli 15-16\programmazione di sistema\malnati\serverprogetto\serverprogetto\debug\applicazione.obj
c:\users\riccardo\politecnico\magistrale\poli 15-16\programmazione di sistema\malnati\serverprogetto\serverprogetto\debug\networkservices.obj
c:\users\riccardo\politecnico\magistrale\poli 15-16\programmazione di sistema\malnati\serverprogetto\serverprogetto\debug\server.obj
c:\users\riccardo\politecnico\magistrale\poli 15-16\programmazione di sistema\malnati\serverprogetto\serverprogetto\debug\serverprogetto.obj
d:\documenti\github\pds-hopeless\serverprogetto\serverprogetto\debug\serverprogetto.pch
d:\documenti\github\pds-hopeless\serverprogetto\serverprogetto\debug\vc140.pdb
d:\documenti\github\pds-hopeless\serverprogetto\serverprogetto\debug\vc140.idb
d:\documenti\github\pds-hopeless\serverprogetto\serverprogetto\debug\stdafx.obj
d:\documenti\github\pds-hopeless\serverprogetto\serverprogetto\debug\applicazione.obj
d:\documenti\github\pds-hopeless\serverprogetto\serverprogetto\debug\networkservices.obj
d:\documenti\github\pds-hopeless\serverprogetto\serverprogetto\debug\server.obj
d:\documenti\github\pds-hopeless\serverprogetto\serverprogetto\debug\serverprogetto.obj
c:\users\riccardo\politecnico\magistrale\poli 15-16\programmazione di sistema\malnati\serverprogetto\debug\serverprogetto.ilk
c:\users\riccardo\politecnico\magistrale\poli 15-16\programmazione di sistema\malnati\serverprogetto\debug\serverprogetto.exe
c:\users\riccardo\politecnico\magistrale\poli 15-16\programmazione di sistema\malnati\serverprogetto\debug\serverprogetto.pdb
d:\documenti\github\pds-hopeless\serverprogetto\debug\serverprogetto.ilk
d:\documenti\github\pds-hopeless\serverprogetto\debug\serverprogetto.exe
d:\documenti\github\pds-hopeless\serverprogetto\debug\serverprogetto.pdb
c:\users\riccardo\documents\github\pds-hopeless\serverprogetto\serverprogetto\debug\applicazione.obj
c:\users\riccardo\documents\github\pds-hopeless\serverprogetto\serverprogetto\debug\networkservices.obj
c:\users\riccardo\documents\github\pds-hopeless\serverprogetto\serverprogetto\debug\server.obj
c:\users\riccardo\documents\github\pds-hopeless\serverprogetto\serverprogetto\debug\serverprogetto.obj
c:\users\riccardo\documents\github\pds-hopeless\serverprogetto\serverprogetto\debug\stdafx.obj
c:\users\riccardo\documents\github\pds-hopeless\serverprogetto\serverprogetto\debug\serverprogetto.pch
c:\users\riccardo\documents\github\pds-hopeless\serverprogetto\serverprogetto\debug\vc140.idb
c:\users\riccardo\documents\github\pds-hopeless\serverprogetto\serverprogetto\debug\vc140.pdb
c:\users\riccardo\documents\github\pds-hopeless\serverprogetto\debug\serverprogetto.pdb
c:\users\riccardo\documents\github\pds-hopeless\serverprogetto\debug\serverprogetto.exe
c:\users\riccardo\documents\github\pds-hopeless\serverprogetto\debug\serverprogetto.ilk
c:\users\riccardo\documents\github\pds-hopeless\serverprogetto\serverprogetto\debug\serverprogetto.tlog\cl.command.1.tlog
c:\users\riccardo\documents\github\pds-hopeless\serverprogetto\serverprogetto\debug\serverprogetto.tlog\cl.read.1.tlog
c:\users\riccardo\documents\github\pds-hopeless\serverprogetto\serverprogetto\debug\serverprogetto.tlog\cl.write.1.tlog
c:\users\riccardo\documents\github\pds-hopeless\serverprogetto\serverprogetto\debug\serverprogetto.tlog\link.command.1.tlog
c:\users\riccardo\documents\github\pds-hopeless\serverprogetto\serverprogetto\debug\serverprogetto.tlog\link.read.1.tlog
c:\users\riccardo\documents\github\pds-hopeless\serverprogetto\serverprogetto\debug\serverprogetto.tlog\link.write.1.tlog
